[debug] [2022-10-03T11:43:31.607Z] : 
[debug] [2022-10-03T11:43:31.608Z] : ----------------------------------------------------------------------
[debug] [2022-10-03T11:43:31.609Z] : Command:      /usr/local/bin/node /usr/local/bin/catalyst login
[debug] [2022-10-03T11:43:31.609Z] : CLI Version:  1.13.3
[debug] [2022-10-03T11:43:31.609Z] : Platform:     darwin
[debug] [2022-10-03T11:43:31.610Z] : Node Version: v16.17.0
[debug] [2022-10-03T11:43:31.610Z] : Time:         Mon Oct 03 2022 17:13:31 GMT+0530 (India Standard Time)
[debug] [2022-10-03T11:43:31.611Z] : ----------------------------------------------------------------------
[debug] [2022-10-03T11:43:31.611Z] : 
[info] [2022-10-03T11:43:39.944Z] : 
[info] [2022-10-03T11:43:39.944Z] : Visit this URL on this device to log in:
[info] [2022-10-03T11:43:39.945Z] : https://accounts.zoho.eu/oauth/v2/auth?client_id=1000.D5IIHDXSPN2MII26AD0V61I6RMVSNM&scope=ZohoCatalyst.apigateway.apis.READ%20ZohoCatalyst.apigateway.apis.CREATE%20ZohoCatalyst.apigateway.apis.UPDATE%20ZohoCatalyst.apigateway.apis.DELETE%20ZohoCatalyst.apigateway.READ%20ZohoCatalyst.apigateway.UPDATE%20ZohoCatalyst.segments.ALL%20ZohoCatalyst.cache.READ%20ZohoCatalyst.cache.CREATE%20ZohoCatalyst.cache.DELETE%20ZohoCatalyst.queue.ALL%20ZohoCatalyst.queue.data.READ%20ZohoCatalyst.queue.data.CREATE%20ZohoCatalyst.projects.ALL%20ZohoCatalyst.project.export.READ%20ZohoCatalyst.project.export.CREATE%20ZohoCatalyst.project.import.READ%20ZohoCatalyst.project.import.CREATE%20ZohoCatalyst.project.import.DELETE%20ZohoCatalyst.cron.ALL%20ZohoCatalyst.zcql.CREATE%20ZohoCatalyst.webapp.ALL%20ZohoCatalyst.projects.users.READ%20ZohoCatalyst.projects.users.CREATE%20ZohoCatalyst.projects.users.DELETE%20ZohoCatalyst.email.CREATE%20ZohoCatalyst.tables.ALL%20ZohoCatalyst.tables.rows.ALL%20ZohoCatalyst.tables.columns.ALL%20ZohoCatalyst.tables.bulk.READ%20ZohoCatalyst.tables.bulk.CREATE%20ZohoCatalyst.folders.ALL%20ZohoCatalyst.files.CREATE%20ZohoCatalyst.files.READ%20ZohoCatalyst.files.DELETE%20ZohoCatalyst.functions.ALL%20ZohoCatalyst.functions.EXECUTE%20ZohoCatalyst.eventlistners.ALL%20ZohoCatalyst.eventlisteners.produce%20ZohoCatalyst.security.rules.Read%20ZohoCatalyst.security.rules.Update%20ZohoCatalyst.notifications.mobile%20ZohoCatalyst.notifications.web%20ZohoCatalyst.search.READ%20ZohoCatalyst.mlkit.READ%20ZohoCatalyst.circuits.execute%20ZohoCatalyst.circuits.execution.READ%20ZohoCatalyst.circuits.execution.DELETE%20ZohoCatalyst.cli.logs.CREATE%20AaaServer.profile.READ%20Stratus.sdkop.CREATE%20Stratus.sdkop.READ&response_type=code&access_type=offline&prompt=consent&redirect_uri=http%3A%2F%2Flocalhost%3A9005
[info] [2022-10-03T11:43:39.945Z] : 
[debug] [2022-10-03T11:43:54.359Z] : 
[debug] [2022-10-03T11:43:54.360Z] : ----------------------------------------------------------------------
[debug] [2022-10-03T11:43:54.360Z] : Command:      /usr/local/bin/node /usr/local/bin/catalyst login
[debug] [2022-10-03T11:43:54.360Z] : CLI Version:  1.13.3
[debug] [2022-10-03T11:43:54.361Z] : Platform:     darwin
[debug] [2022-10-03T11:43:54.361Z] : Node Version: v16.17.0
[debug] [2022-10-03T11:43:54.362Z] : Time:         Mon Oct 03 2022 17:13:54 GMT+0530 (India Standard Time)
[debug] [2022-10-03T11:43:54.362Z] : ----------------------------------------------------------------------
[debug] [2022-10-03T11:43:54.362Z] : 
[info] [2022-10-03T11:43:58.886Z] : 
[info] [2022-10-03T11:43:58.886Z] : Visit this URL on this device to log in:
[info] [2022-10-03T11:43:58.886Z] : https://accounts.zoho.com/oauth/v2/auth?client_id=1000.D5IIHDXSPN2MII26AD0V61I6RMVSNM&scope=ZohoCatalyst.apigateway.apis.READ%20ZohoCatalyst.apigateway.apis.CREATE%20ZohoCatalyst.apigateway.apis.UPDATE%20ZohoCatalyst.apigateway.apis.DELETE%20ZohoCatalyst.apigateway.READ%20ZohoCatalyst.apigateway.UPDATE%20ZohoCatalyst.segments.ALL%20ZohoCatalyst.cache.READ%20ZohoCatalyst.cache.CREATE%20ZohoCatalyst.cache.DELETE%20ZohoCatalyst.queue.ALL%20ZohoCatalyst.queue.data.READ%20ZohoCatalyst.queue.data.CREATE%20ZohoCatalyst.projects.ALL%20ZohoCatalyst.project.export.READ%20ZohoCatalyst.project.export.CREATE%20ZohoCatalyst.project.import.READ%20ZohoCatalyst.project.import.CREATE%20ZohoCatalyst.project.import.DELETE%20ZohoCatalyst.cron.ALL%20ZohoCatalyst.zcql.CREATE%20ZohoCatalyst.webapp.ALL%20ZohoCatalyst.projects.users.READ%20ZohoCatalyst.projects.users.CREATE%20ZohoCatalyst.projects.users.DELETE%20ZohoCatalyst.email.CREATE%20ZohoCatalyst.tables.ALL%20ZohoCatalyst.tables.rows.ALL%20ZohoCatalyst.tables.columns.ALL%20ZohoCatalyst.tables.bulk.READ%20ZohoCatalyst.tables.bulk.CREATE%20ZohoCatalyst.folders.ALL%20ZohoCatalyst.files.CREATE%20ZohoCatalyst.files.READ%20ZohoCatalyst.files.DELETE%20ZohoCatalyst.functions.ALL%20ZohoCatalyst.functions.EXECUTE%20ZohoCatalyst.eventlistners.ALL%20ZohoCatalyst.eventlisteners.produce%20ZohoCatalyst.security.rules.Read%20ZohoCatalyst.security.rules.Update%20ZohoCatalyst.notifications.mobile%20ZohoCatalyst.notifications.web%20ZohoCatalyst.search.READ%20ZohoCatalyst.mlkit.READ%20ZohoCatalyst.circuits.execute%20ZohoCatalyst.circuits.execution.READ%20ZohoCatalyst.circuits.execution.DELETE%20ZohoCatalyst.cli.logs.CREATE%20AaaServer.profile.READ%20Stratus.sdkop.CREATE%20Stratus.sdkop.READ&response_type=code&access_type=offline&prompt=consent&redirect_uri=http%3A%2F%2Flocalhost%3A9005
[info] [2022-10-03T11:43:58.886Z] : 
[debug] [2022-10-03T11:44:28.411Z] : 
[debug] [2022-10-03T11:44:28.412Z] : ----------------------------------------------------------------------
[debug] [2022-10-03T11:44:28.412Z] : Command:      /usr/local/bin/node /usr/local/bin/catalyst login
[debug] [2022-10-03T11:44:28.413Z] : CLI Version:  1.13.3
[debug] [2022-10-03T11:44:28.413Z] : Platform:     darwin
[debug] [2022-10-03T11:44:28.413Z] : Node Version: v16.17.0
[debug] [2022-10-03T11:44:28.414Z] : Time:         Mon Oct 03 2022 17:14:28 GMT+0530 (India Standard Time)
[debug] [2022-10-03T11:44:28.414Z] : ----------------------------------------------------------------------
[debug] [2022-10-03T11:44:28.414Z] : 
[info] [2022-10-03T11:45:56.255Z] : 
[info] [2022-10-03T11:45:56.255Z] : Visit this URL on this device to log in:
[info] [2022-10-03T11:45:56.255Z] : https://accounts.zoho.com/oauth/v2/auth?client_id=1000.D5IIHDXSPN2MII26AD0V61I6RMVSNM&scope=ZohoCatalyst.apigateway.apis.READ%20ZohoCatalyst.apigateway.apis.CREATE%20ZohoCatalyst.apigateway.apis.UPDATE%20ZohoCatalyst.apigateway.apis.DELETE%20ZohoCatalyst.apigateway.READ%20ZohoCatalyst.apigateway.UPDATE%20ZohoCatalyst.segments.ALL%20ZohoCatalyst.cache.READ%20ZohoCatalyst.cache.CREATE%20ZohoCatalyst.cache.DELETE%20ZohoCatalyst.queue.ALL%20ZohoCatalyst.queue.data.READ%20ZohoCatalyst.queue.data.CREATE%20ZohoCatalyst.projects.ALL%20ZohoCatalyst.project.export.READ%20ZohoCatalyst.project.export.CREATE%20ZohoCatalyst.project.import.READ%20ZohoCatalyst.project.import.CREATE%20ZohoCatalyst.project.import.DELETE%20ZohoCatalyst.cron.ALL%20ZohoCatalyst.zcql.CREATE%20ZohoCatalyst.webapp.ALL%20ZohoCatalyst.projects.users.READ%20ZohoCatalyst.projects.users.CREATE%20ZohoCatalyst.projects.users.DELETE%20ZohoCatalyst.email.CREATE%20ZohoCatalyst.tables.ALL%20ZohoCatalyst.tables.rows.ALL%20ZohoCatalyst.tables.columns.ALL%20ZohoCatalyst.tables.bulk.READ%20ZohoCatalyst.tables.bulk.CREATE%20ZohoCatalyst.folders.ALL%20ZohoCatalyst.files.CREATE%20ZohoCatalyst.files.READ%20ZohoCatalyst.files.DELETE%20ZohoCatalyst.functions.ALL%20ZohoCatalyst.functions.EXECUTE%20ZohoCatalyst.eventlistners.ALL%20ZohoCatalyst.eventlisteners.produce%20ZohoCatalyst.security.rules.Read%20ZohoCatalyst.security.rules.Update%20ZohoCatalyst.notifications.mobile%20ZohoCatalyst.notifications.web%20ZohoCatalyst.search.READ%20ZohoCatalyst.mlkit.READ%20ZohoCatalyst.circuits.execute%20ZohoCatalyst.circuits.execution.READ%20ZohoCatalyst.circuits.execution.DELETE%20ZohoCatalyst.cli.logs.CREATE%20AaaServer.profile.READ%20Stratus.sdkop.CREATE%20Stratus.sdkop.READ&response_type=code&access_type=offline&prompt=consent&redirect_uri=http%3A%2F%2Flocalhost%3A9005
[info] [2022-10-03T11:45:56.255Z] : 
[debug] [2022-10-03T11:46:57.151Z] : 
[debug] [2022-10-03T11:46:57.152Z] : ----------------------------------------------------------------------
[debug] [2022-10-03T11:46:57.153Z] : Command:      /usr/local/bin/node /usr/local/bin/catalyst login
[debug] [2022-10-03T11:46:57.153Z] : CLI Version:  1.13.3
[debug] [2022-10-03T11:46:57.153Z] : Platform:     darwin
[debug] [2022-10-03T11:46:57.153Z] : Node Version: v16.17.0
[debug] [2022-10-03T11:46:57.154Z] : Time:         Mon Oct 03 2022 17:16:57 GMT+0530 (India Standard Time)
[debug] [2022-10-03T11:46:57.155Z] : ----------------------------------------------------------------------
[debug] [2022-10-03T11:46:57.155Z] : 
[info] [2022-10-03T12:04:29.835Z] : 
[info] [2022-10-03T12:04:29.835Z] : Visit this URL on this device to log in:
[info] [2022-10-03T12:04:29.835Z] : https://accounts.zoho.com/oauth/v2/auth?client_id=1000.D5IIHDXSPN2MII26AD0V61I6RMVSNM&scope=ZohoCatalyst.apigateway.apis.READ%20ZohoCatalyst.apigateway.apis.CREATE%20ZohoCatalyst.apigateway.apis.UPDATE%20ZohoCatalyst.apigateway.apis.DELETE%20ZohoCatalyst.apigateway.READ%20ZohoCatalyst.apigateway.UPDATE%20ZohoCatalyst.segments.ALL%20ZohoCatalyst.cache.READ%20ZohoCatalyst.cache.CREATE%20ZohoCatalyst.cache.DELETE%20ZohoCatalyst.queue.ALL%20ZohoCatalyst.queue.data.READ%20ZohoCatalyst.queue.data.CREATE%20ZohoCatalyst.projects.ALL%20ZohoCatalyst.project.export.READ%20ZohoCatalyst.project.export.CREATE%20ZohoCatalyst.project.import.READ%20ZohoCatalyst.project.import.CREATE%20ZohoCatalyst.project.import.DELETE%20ZohoCatalyst.cron.ALL%20ZohoCatalyst.zcql.CREATE%20ZohoCatalyst.webapp.ALL%20ZohoCatalyst.projects.users.READ%20ZohoCatalyst.projects.users.CREATE%20ZohoCatalyst.projects.users.DELETE%20ZohoCatalyst.email.CREATE%20ZohoCatalyst.tables.ALL%20ZohoCatalyst.tables.rows.ALL%20ZohoCatalyst.tables.columns.ALL%20ZohoCatalyst.tables.bulk.READ%20ZohoCatalyst.tables.bulk.CREATE%20ZohoCatalyst.folders.ALL%20ZohoCatalyst.files.CREATE%20ZohoCatalyst.files.READ%20ZohoCatalyst.files.DELETE%20ZohoCatalyst.functions.ALL%20ZohoCatalyst.functions.EXECUTE%20ZohoCatalyst.eventlistners.ALL%20ZohoCatalyst.eventlisteners.produce%20ZohoCatalyst.security.rules.Read%20ZohoCatalyst.security.rules.Update%20ZohoCatalyst.notifications.mobile%20ZohoCatalyst.notifications.web%20ZohoCatalyst.search.READ%20ZohoCatalyst.mlkit.READ%20ZohoCatalyst.circuits.execute%20ZohoCatalyst.circuits.execution.READ%20ZohoCatalyst.circuits.execution.DELETE%20ZohoCatalyst.cli.logs.CREATE%20AaaServer.profile.READ%20Stratus.sdkop.CREATE%20Stratus.sdkop.READ&response_type=code&access_type=offline&prompt=consent&redirect_uri=http%3A%2F%2Flocalhost%3A9005
[info] [2022-10-03T12:04:29.835Z] : 
